현재 시간은 Fri Feb 20 2026 11:50:57 GMT+0900 (대한민국 표준시)
현재 시간은 Fri Feb 20 2026 11:50:57 GMT+0900 (대한민국 표준시)
현재 시간은 Fri Feb 20 2026 11:50:57 GMT+0900 (대한민국 표준시)
현재 시간은 Fri Feb 20 2026 11:50:58 GMT+0900 (대한민국 표준시)
현재 시간은 Fri Feb 20 2026 11:50:58 GMT+0900 (대한민국 표준시)
현재 시간은 Fri Feb 20 2026 11:50:58 GMT+0900 (대한민국 표준시)
Hong
글번호: 1, 글제목: 1번글제목
글번호: 2, 글제목: 2번글제목
현재시간에 실행Fri Feb 20 2026 12:49:58 GMT+0900 (대한민국 표준시)
현재시간에 실행
Fri Feb 20 2026 13:14:07 GMT+0900 (대한민국 표준시)실행
Fri Feb 20 2026 13:14:08 GMT+0900 (대한민국 표준시)실행
Fri Feb 20 2026 13:14:09 GMT+0900 (대한민국 표준시)실행
Fri Feb 20 2026 13:14:10 GMT+0900 (대한민국 표준시)실행
Fri Feb 20 2026 13:14:11 GMT+0900 (대한민국 표준시)실행
Fri Feb 20 2026 13:14:12 GMT+0900 (대한민국 표준시)실행
Fri Feb 20 2026 13:14:13 GMT+0900 (대한민국 표준시)실행
Fri Feb 20 2026 13:14:14 GMT+0900 (대한민국 표준시)실행
Fri Feb 20 2026 13:14:15 GMT+0900 (대한민국 표준시)실행
현재시간에 실행
현재시간에 실행
현재시간에 실행
현재시간에 실행
현재시간에 실행
현재시간에 실행
현재시간에 실행
현재시간에 실행
현재시간에 실행
